app/build/intermediates/manifest_merge_blame_file/debug/manifest-merger-blame-debug-report.txt
1<?xml version="1.0" encoding="utf-8"?>
2<manifest xmlns:android="http://schemas.android.com/apk/res/android"
3    package="com.dci.berts"
4    android:versionCode="1"
5    android:versionName="1.0" >
6
7    <uses-sdk
8        android:minSdkVersion="19"
8-->src\main\AndroidManifest.xml
9        android:targetSdkVersion="30" />
9-->src\main\AndroidManifest.xml
10
11    <supports-screens
11-->src\main\AndroidManifest.xml:6:5-10:40
12        android:anyDensity="true"
12-->src\main\AndroidManifest.xml:7:9-34
13        android:largeScreens="true"
13-->src\main\AndroidManifest.xml:8:9-36
14        android:smallScreens="true"
14-->src\main\AndroidManifest.xml:9:9-36
15        android:xlargeScreens="true" />
15-->src\main\AndroidManifest.xml:10:9-37
16
17    <uses-permission android:name="android.permission.ACCESS_NETWORK_STATE" />
17-->src\main\AndroidManifest.xml:12:5-79
17-->src\main\AndroidManifest.xml:12:22-76
18    <uses-permission android:name="android.permission.INTERNET" />
18-->src\main\AndroidManifest.xml:13:5-67
18-->src\main\AndroidManifest.xml:13:22-64
19    <uses-permission android:name="android.permission.WAKE_LOCK" /> <!-- Required by older versions of Google Play services to create IID tokens -->
19-->[com.google.firebase:firebase-messaging-directboot:22.0.0] AndroidManifest.xml:24:5-68
19-->[com.google.firebase:firebase-messaging-directboot:22.0.0] AndroidManifest.xml:24:22-65
20    <uses-permission android:name="com.google.android.c2dm.permission.RECEIVE" />
20-->[com.google.firebase:firebase-messaging:22.0.0] AndroidManifest.xml:25:5-82
20-->[com.google.firebase:firebase-messaging:22.0.0] AndroidManifest.xml:25:22-79
21    <uses-permission android:name="com.google.android.finsky.permission.BIND_GET_INSTALL_REFERRER_SERVICE" /> <!-- Permission will be merged into the manifest of the hosting app. -->
21-->[com.google.android.gms:play-services-measurement:19.0.0] AndroidManifest.xml:26:5-110
21-->[com.google.android.gms:play-services-measurement:19.0.0] AndroidManifest.xml:26:22-107
22    <!-- Is required to launch foreground extraction service for targetSdkVersion 28+. -->
23    <uses-permission android:name="android.permission.FOREGROUND_SERVICE" />
23-->[com.google.android.play:core:1.8.0] AndroidManifest.xml:8:3-74
23-->[com.google.android.play:core:1.8.0] AndroidManifest.xml:8:20-72
24
25    <application
25-->src\main\AndroidManifest.xml:15:5-291:19
26        android:name="com.dci.berts.app.App"
26-->src\main\AndroidManifest.xml:16:9-45
27        android:allowBackup="true"
27-->src\main\AndroidManifest.xml:17:9-35
28        android:appComponentFactory="androidx.core.app.CoreComponentFactory"
28-->[androidx.core:core:1.5.0] AndroidManifest.xml:24:18-86
29        android:debuggable="true"
30        android:icon="@mipmap/ic_launcher"
30-->src\main\AndroidManifest.xml:18:9-43
31        android:label="@string/app_name"
31-->src\main\AndroidManifest.xml:19:9-41
32        android:largeHeap="true"
32-->src\main\AndroidManifest.xml:20:9-33
33        android:requestLegacyExternalStorage="true"
33-->src\main\AndroidManifest.xml:21:9-52
34        android:roundIcon="@mipmap/ic_launcher_round"
34-->src\main\AndroidManifest.xml:22:9-54
35        android:screenOrientation="portrait"
35-->src\main\AndroidManifest.xml:23:9-45
36        android:supportsRtl="true"
36-->src\main\AndroidManifest.xml:24:9-35
37        android:testOnly="true"
38        android:usesCleartextTraffic="true" >
38-->src\main\AndroidManifest.xml:25:9-44
39        <activity
39-->src\main\AndroidManifest.xml:28:9-32:55
40            android:name="com.dci.berts.retailer.OrderDetailListActivity"
40-->src\main\AndroidManifest.xml:28:19-80
41            android:screenOrientation="portrait"
41-->src\main\AndroidManifest.xml:29:13-49
42            android:theme="@style/Theme.BertsProject.SearchProduct"
42-->src\main\AndroidManifest.xml:30:13-68
43            android:windowSoftInputMode="adjustPan" />
43-->src\main\AndroidManifest.xml:31:13-52
44        <activity
44-->src\main\AndroidManifest.xml:33:9-38:56
45            android:name="com.dci.berts.retailer.RetailerProductListBasedOnCategActivity"
45-->src\main\AndroidManifest.xml:34:13-90
46            android:screenOrientation="portrait"
46-->src\main\AndroidManifest.xml:35:13-49
47            android:theme="@style/Theme.BertsProject.SearchProduct"
47-->src\main\AndroidManifest.xml:36:13-68
48            android:windowSoftInputMode="adjustPan" />
48-->src\main\AndroidManifest.xml:37:13-52
49        <activity
49-->src\main\AndroidManifest.xml:39:9-44:56
50            android:name="com.dci.berts.retailer.RetailerProductListBasedOnMakeActivity"
50-->src\main\AndroidManifest.xml:40:13-89
51            android:screenOrientation="portrait"
51-->src\main\AndroidManifest.xml:41:13-49
52            android:theme="@style/Theme.BertsProject.SearchProduct"
52-->src\main\AndroidManifest.xml:42:13-68
53            android:windowSoftInputMode="adjustPan" />
53-->src\main\AndroidManifest.xml:43:13-52
54        <activity
54-->src\main\AndroidManifest.xml:45:9-50:56
55            android:name="com.dci.berts.retailer.ShowAllChildMakesActivity"
55-->src\main\AndroidManifest.xml:46:13-76
56            android:screenOrientation="portrait"
56-->src\main\AndroidManifest.xml:47:13-49
57            android:theme="@style/Theme.BertsProject.SearchProduct"
57-->src\main\AndroidManifest.xml:48:13-68
58            android:windowSoftInputMode="adjustPan" />
58-->src\main\AndroidManifest.xml:49:13-52
59        <activity
59-->src\main\AndroidManifest.xml:51:9-56:56
60            android:name="com.dci.berts.retailer.ShowAllChildMakesListActivity"
60-->src\main\AndroidManifest.xml:52:13-80
61            android:screenOrientation="portrait"
61-->src\main\AndroidManifest.xml:53:13-49
62            android:theme="@style/Theme.BertsProject.SearchProduct"
62-->src\main\AndroidManifest.xml:54:13-68
63            android:windowSoftInputMode="adjustPan" />
63-->src\main\AndroidManifest.xml:55:13-52
64        <activity
64-->src\main\AndroidManifest.xml:57:9-62:56
65            android:name="com.dci.berts.retailer.ShowAllChildCategActivity"
65-->src\main\AndroidManifest.xml:58:13-76
66            android:screenOrientation="portrait"
66-->src\main\AndroidManifest.xml:59:13-49
67            android:theme="@style/Theme.BertsProject.SearchProduct"
67-->src\main\AndroidManifest.xml:60:13-68
68            android:windowSoftInputMode="adjustPan" />
68-->src\main\AndroidManifest.xml:61:13-52
69        <activity
69-->src\main\AndroidManifest.xml:63:9-68:56
70            android:name="com.dci.berts.retailer.ShowAllParentMakesActivity"
70-->src\main\AndroidManifest.xml:64:13-77
71            android:screenOrientation="portrait"
71-->src\main\AndroidManifest.xml:65:13-49
72            android:theme="@style/Theme.BertsProject.SearchProduct"
72-->src\main\AndroidManifest.xml:66:13-68
73            android:windowSoftInputMode="adjustPan" />
73-->src\main\AndroidManifest.xml:67:13-52
74        <activity
74-->src\main\AndroidManifest.xml:69:9-74:56
75            android:name="com.dci.berts.retailer.ShowAllBrandsActivity"
75-->src\main\AndroidManifest.xml:70:13-72
76            android:screenOrientation="portrait"
76-->src\main\AndroidManifest.xml:71:13-49
77            android:theme="@style/Theme.BertsProject.SearchProduct"
77-->src\main\AndroidManifest.xml:72:13-68
78            android:windowSoftInputMode="adjustPan" />
78-->src\main\AndroidManifest.xml:73:13-52
79        <activity
79-->src\main\AndroidManifest.xml:75:9-80:56
80            android:name="com.dci.berts.retailer.ShowAllParentCategoriesActivity"
80-->src\main\AndroidManifest.xml:76:13-82
81            android:screenOrientation="portrait"
81-->src\main\AndroidManifest.xml:77:13-49
82            android:theme="@style/Theme.BertsProject.SearchProduct"
82-->src\main\AndroidManifest.xml:78:13-68
83            android:windowSoftInputMode="adjustPan" />
83-->src\main\AndroidManifest.xml:79:13-52
84        <activity
84-->src\main\AndroidManifest.xml:81:9-86:56
85            android:name="com.dci.berts.retailer.SampleActivity"
85-->src\main\AndroidManifest.xml:82:13-65
86            android:screenOrientation="portrait"
86-->src\main\AndroidManifest.xml:83:13-49
87            android:theme="@style/Theme.BertsProject.SearchProduct"
87-->src\main\AndroidManifest.xml:84:13-68
88            android:windowSoftInputMode="adjustPan" />
88-->src\main\AndroidManifest.xml:85:13-52
89        <activity
89-->src\main\AndroidManifest.xml:87:9-92:56
90            android:name="com.dci.berts.retailer.PaymentMethodActivity"
90-->src\main\AndroidManifest.xml:88:13-72
91            android:screenOrientation="portrait"
91-->src\main\AndroidManifest.xml:89:13-49
92            android:theme="@style/Theme.BertsProject.SearchProduct"
92-->src\main\AndroidManifest.xml:90:13-68
93            android:windowSoftInputMode="adjustPan" />
93-->src\main\AndroidManifest.xml:91:13-52
94        <activity
94-->src\main\AndroidManifest.xml:93:9-98:56
95            android:name="com.dci.berts.retailer.CouponApplyDetailActivity"
95-->src\main\AndroidManifest.xml:94:13-76
96            android:screenOrientation="portrait"
96-->src\main\AndroidManifest.xml:95:13-49
97            android:theme="@style/Theme.BertsProject.SearchProduct"
97-->src\main\AndroidManifest.xml:96:13-68
98            android:windowSoftInputMode="adjustPan" />
98-->src\main\AndroidManifest.xml:97:13-52
99        <activity
99-->src\main\AndroidManifest.xml:99:9-104:56
100            android:name="com.dci.berts.retailer.CheckoutScreenActivity"
100-->src\main\AndroidManifest.xml:100:13-73
101            android:screenOrientation="portrait"
101-->src\main\AndroidManifest.xml:101:13-49
102            android:theme="@style/Theme.BertsProject.SearchProduct"
102-->src\main\AndroidManifest.xml:102:13-68
103            android:windowSoftInputMode="adjustPan" />
103-->src\main\AndroidManifest.xml:103:13-52
104        <activity
104-->src\main\AndroidManifest.xml:105:9-110:56
105            android:name="com.dci.berts.retailer.ShippingMethodActivity"
105-->src\main\AndroidManifest.xml:106:13-73
106            android:screenOrientation="portrait"
106-->src\main\AndroidManifest.xml:107:13-49
107            android:theme="@style/Parent"
107-->src\main\AndroidManifest.xml:108:13-42
108            android:windowSoftInputMode="adjustPan" />
108-->src\main\AndroidManifest.xml:109:13-52
109        <activity
109-->src\main\AndroidManifest.xml:111:9-116:56
110            android:name="com.dci.berts.retailer.RetailerAllCategoriesActivity"
110-->src\main\AndroidManifest.xml:112:13-80
111            android:screenOrientation="portrait"
111-->src\main\AndroidManifest.xml:113:13-49
112            android:theme="@style/Theme.BertsProject.SearchProduct"
112-->src\main\AndroidManifest.xml:114:13-68
113            android:windowSoftInputMode="adjustPan" />
113-->src\main\AndroidManifest.xml:115:13-52
114        <activity
114-->src\main\AndroidManifest.xml:117:9-122:56
115            android:name="com.dci.berts.retailer.RetailerSetttingsActivity"
115-->src\main\AndroidManifest.xml:118:13-76
116            android:screenOrientation="portrait"
116-->src\main\AndroidManifest.xml:119:13-49
117            android:theme="@style/Theme.BertsProject.SearchProduct"
117-->src\main\AndroidManifest.xml:120:13-68
118            android:windowSoftInputMode="adjustPan" />
118-->src\main\AndroidManifest.xml:121:13-52
119        <activity
119-->src\main\AndroidManifest.xml:123:9-128:56
120            android:name="com.dci.berts.retailer.ProductDetailDescriptionActivity"
120-->src\main\AndroidManifest.xml:124:13-83
121            android:screenOrientation="portrait"
121-->src\main\AndroidManifest.xml:125:13-49
122            android:theme="@style/Theme.BertsProject.SearchProduct"
122-->src\main\AndroidManifest.xml:126:13-68
123            android:windowSoftInputMode="adjustPan" />
123-->src\main\AndroidManifest.xml:127:13-52
124        <activity
124-->src\main\AndroidManifest.xml:129:9-134:56
125            android:name="com.dci.berts.retailer.AddVehicleActivity"
125-->src\main\AndroidManifest.xml:130:13-69
126            android:screenOrientation="portrait"
126-->src\main\AndroidManifest.xml:131:13-49
127            android:theme="@style/Customtheme"
127-->src\main\AndroidManifest.xml:132:13-47
128            android:windowSoftInputMode="adjustPan" />
128-->src\main\AndroidManifest.xml:133:13-52
129        <activity
129-->src\main\AndroidManifest.xml:135:9-140:56
130            android:name="com.dci.berts.retailer.EditVehicleActivity"
130-->src\main\AndroidManifest.xml:136:13-70
131            android:screenOrientation="portrait"
131-->src\main\AndroidManifest.xml:137:13-49
132            android:theme="@style/Customtheme"
132-->src\main\AndroidManifest.xml:138:13-47
133            android:windowSoftInputMode="adjustPan" />
133-->src\main\AndroidManifest.xml:139:13-52
134        <activity
134-->src\main\AndroidManifest.xml:141:9-146:56
135            android:name="com.dci.berts.retailer.RetailerReceiptActivity"
135-->src\main\AndroidManifest.xml:142:13-74
136            android:screenOrientation="portrait"
136-->src\main\AndroidManifest.xml:143:13-49
137            android:theme="@style/Customtheme"
137-->src\main\AndroidManifest.xml:144:13-47
138            android:windowSoftInputMode="adjustPan" />
138-->src\main\AndroidManifest.xml:145:13-52
139        <activity
139-->src\main\AndroidManifest.xml:147:9-152:56
140            android:name="com.dci.berts.retailer.ChangePasswordActivity"
140-->src\main\AndroidManifest.xml:148:13-73
141            android:screenOrientation="portrait"
141-->src\main\AndroidManifest.xml:149:13-49
142            android:theme="@style/Customtheme"
142-->src\main\AndroidManifest.xml:150:13-47
143            android:windowSoftInputMode="adjustPan" />
143-->src\main\AndroidManifest.xml:151:13-52
144        <activity
144-->src\main\AndroidManifest.xml:153:9-167:20
145            android:name="com.dci.berts.retailer.FilterlistActivity"
145-->src\main\AndroidManifest.xml:154:13-69
146            android:screenOrientation="portrait"
146-->src\main\AndroidManifest.xml:155:13-49
147            android:theme="@style/Customtheme"
147-->src\main\AndroidManifest.xml:156:13-47
148            android:windowSoftInputMode="adjustPan" >
148-->src\main\AndroidManifest.xml:157:13-52
149
150            <!--
151                 <intent-filter>
152             <action android:name="android.intent.action.MAIN" />
153
154
155             <category android:name="android.intent.category.LAUNCHER" />
156             </intent-filter>
157            -->
158
159        </activity>
160        <activity
160-->src\main\AndroidManifest.xml:168:9-173:56
161            android:name="com.dci.berts.retailer.ShippingAddressAddActivity"
161-->src\main\AndroidManifest.xml:169:13-77
162            android:screenOrientation="portrait"
162-->src\main\AndroidManifest.xml:170:13-49
163            android:theme="@style/Theme.BertsProject"
163-->src\main\AndroidManifest.xml:171:13-54
164            android:windowSoftInputMode="adjustPan" />
164-->src\main\AndroidManifest.xml:172:13-52
165        <activity
165-->src\main\AndroidManifest.xml:174:9-179:56
166            android:name="com.dci.berts.retailer.ShippingAddressEditActivity"
166-->src\main\AndroidManifest.xml:175:13-78
167            android:screenOrientation="portrait"
167-->src\main\AndroidManifest.xml:176:13-49
168            android:theme="@style/Theme.BertsProject"
168-->src\main\AndroidManifest.xml:177:13-54
169            android:windowSoftInputMode="adjustPan" />
169-->src\main\AndroidManifest.xml:178:13-52
170        <activity
170-->src\main\AndroidManifest.xml:180:9-185:56
171            android:name="com.dci.berts.retailer.ShippingAddressActivity"
171-->src\main\AndroidManifest.xml:181:13-74
172            android:screenOrientation="portrait"
172-->src\main\AndroidManifest.xml:182:13-49
173            android:theme="@style/Customtheme"
173-->src\main\AndroidManifest.xml:183:13-47
174            android:windowSoftInputMode="adjustPan" />
174-->src\main\AndroidManifest.xml:184:13-52
175        <activity
175-->src\main\AndroidManifest.xml:186:9-191:56
176            android:name="com.dci.berts.retailer.RetailerProfileAccountActivity"
176-->src\main\AndroidManifest.xml:187:13-81
177            android:screenOrientation="portrait"
177-->src\main\AndroidManifest.xml:188:13-49
178            android:theme="@style/Customtheme"
178-->src\main\AndroidManifest.xml:189:13-47
179            android:windowSoftInputMode="adjustPan" />
179-->src\main\AndroidManifest.xml:190:13-52
180        <activity
180-->src\main\AndroidManifest.xml:192:9-197:56
181            android:name="com.dci.berts.retailer.MyWishlistActivity"
181-->src\main\AndroidManifest.xml:193:13-69
182            android:screenOrientation="portrait"
182-->src\main\AndroidManifest.xml:194:13-49
183            android:theme="@style/Theme.BertsProject.Cart"
183-->src\main\AndroidManifest.xml:195:13-59
184            android:windowSoftInputMode="adjustPan" />
184-->src\main\AndroidManifest.xml:196:13-52
185        <activity
185-->src\main\AndroidManifest.xml:198:9-203:56
186            android:name="com.dci.berts.retailer.RetailerOrderTrackActivity"
186-->src\main\AndroidManifest.xml:199:13-77
187            android:screenOrientation="portrait"
187-->src\main\AndroidManifest.xml:200:13-49
188            android:theme="@style/Theme.BertsProject.Cart"
188-->src\main\AndroidManifest.xml:201:13-59
189            android:windowSoftInputMode="adjustPan" />
189-->src\main\AndroidManifest.xml:202:13-52
190        <activity
190-->src\main\AndroidManifest.xml:204:9-209:56
191            android:name="com.dci.berts.retailer.OrderListActivity"
191-->src\main\AndroidManifest.xml:205:13-68
192            android:screenOrientation="portrait"
192-->src\main\AndroidManifest.xml:206:13-49
193            android:theme="@style/Theme.BertsProject.Cart"
193-->src\main\AndroidManifest.xml:207:13-59
194            android:windowSoftInputMode="adjustPan" />
194-->src\main\AndroidManifest.xml:208:13-52
195        <activity
195-->src\main\AndroidManifest.xml:210:9-215:56
196            android:name="com.dci.berts.retailer.RetailerCartActivity"
196-->src\main\AndroidManifest.xml:211:13-71
197            android:screenOrientation="portrait"
197-->src\main\AndroidManifest.xml:212:13-49
198            android:theme="@style/Theme.BertsProject.Cart"
198-->src\main\AndroidManifest.xml:213:13-59
199            android:windowSoftInputMode="adjustPan" />
199-->src\main\AndroidManifest.xml:214:13-52
200        <activity
200-->src\main\AndroidManifest.xml:216:9-221:56
201            android:name="com.dci.berts.retailer.SearchProductListActivity"
201-->src\main\AndroidManifest.xml:217:13-76
202            android:screenOrientation="portrait"
202-->src\main\AndroidManifest.xml:218:13-49
203            android:theme="@style/Theme.BertsProject.SearchProduct"
203-->src\main\AndroidManifest.xml:219:13-68
204            android:windowSoftInputMode="adjustPan" />
204-->src\main\AndroidManifest.xml:220:13-52
205        <activity
205-->src\main\AndroidManifest.xml:222:9-227:56
206            android:name="com.dci.berts.retailer.RetailerProductListActivity"
206-->src\main\AndroidManifest.xml:223:13-78
207            android:screenOrientation="portrait"
207-->src\main\AndroidManifest.xml:224:13-49
208            android:theme="@style/Theme.BertsProject.SearchProduct"
208-->src\main\AndroidManifest.xml:225:13-68
209            android:windowSoftInputMode="adjustPan" />
209-->src\main\AndroidManifest.xml:226:13-52
210        <activity
210-->src\main\AndroidManifest.xml:228:9-233:56
211            android:name="com.dci.berts.retailer.SearchProductsActivity"
211-->src\main\AndroidManifest.xml:229:13-73
212            android:screenOrientation="portrait"
212-->src\main\AndroidManifest.xml:230:13-49
213            android:theme="@style/Theme.BertsProject.SearchProduct"
213-->src\main\AndroidManifest.xml:231:13-68
214            android:windowSoftInputMode="adjustPan" />
214-->src\main\AndroidManifest.xml:232:13-52
215        <activity
215-->src\main\AndroidManifest.xml:234:9-239:56
216            android:name="com.dci.berts.retailer.RetailerDashboardActivity"
216-->src\main\AndroidManifest.xml:235:13-76
217            android:screenOrientation="portrait"
217-->src\main\AndroidManifest.xml:236:13-49
218            android:theme="@style/Parent"
218-->src\main\AndroidManifest.xml:237:13-42
219            android:windowSoftInputMode="adjustPan" />
219-->src\main\AndroidManifest.xml:238:13-52
220        <activity
220-->src\main\AndroidManifest.xml:240:9-245:56
221            android:name="com.dci.berts.activities.ForgetPasswordActivity"
221-->src\main\AndroidManifest.xml:241:13-75
222            android:screenOrientation="portrait"
222-->src\main\AndroidManifest.xml:242:13-49
223            android:theme="@style/Customtheme"
223-->src\main\AndroidManifest.xml:243:13-47
224            android:windowSoftInputMode="adjustPan" />
224-->src\main\AndroidManifest.xml:244:13-52
225        <activity
225-->src\main\AndroidManifest.xml:246:9-251:56
226            android:name="com.dci.berts.activities.RegisterActivity"
226-->src\main\AndroidManifest.xml:247:13-69
227            android:screenOrientation="portrait"
227-->src\main\AndroidManifest.xml:248:13-49
228            android:theme="@style/Customtheme"
228-->src\main\AndroidManifest.xml:249:13-47
229            android:windowSoftInputMode="adjustPan" />
229-->src\main\AndroidManifest.xml:250:13-52
230        <activity
230-->src\main\AndroidManifest.xml:252:9-263:20
231            android:name="com.dci.berts.activities.SplashActivity"
231-->src\main\AndroidManifest.xml:253:13-67
232            android:screenOrientation="portrait"
232-->src\main\AndroidManifest.xml:254:13-49
233            android:theme="@style/Customtheme"
233-->src\main\AndroidManifest.xml:255:13-47
234            android:windowSoftInputMode="adjustPan" >
234-->src\main\AndroidManifest.xml:256:13-52
235            <intent-filter>
235-->src\main\AndroidManifest.xml:258:13-262:29
236                <action android:name="android.intent.action.MAIN" />
236-->src\main\AndroidManifest.xml:259:17-69
236-->src\main\AndroidManifest.xml:259:25-66
237
238                <category android:name="android.intent.category.LAUNCHER" />
238-->src\main\AndroidManifest.xml:261:17-77
238-->src\main\AndroidManifest.xml:261:27-74
239            </intent-filter>
240        </activity>
241        <activity
241-->src\main\AndroidManifest.xml:264:9-269:56
242            android:name="com.dci.berts.activities.LoginActivity"
242-->src\main\AndroidManifest.xml:265:13-66
243            android:screenOrientation="portrait"
243-->src\main\AndroidManifest.xml:266:13-49
244            android:theme="@style/Customtheme"
244-->src\main\AndroidManifest.xml:267:13-47
245            android:windowSoftInputMode="adjustPan" />
245-->src\main\AndroidManifest.xml:268:13-52
246
247        <meta-data
247-->src\main\AndroidManifest.xml:271:9-273:55
248            android:name="com.facebook.sdk.ApplicationId"
248-->src\main\AndroidManifest.xml:272:13-58
249            android:value="@string/facebook_app_id" />
249-->src\main\AndroidManifest.xml:273:13-52
250
251        <activity
251-->src\main\AndroidManifest.xml:275:9-278:48
252            android:name="com.facebook.FacebookActivity"
252-->src\main\AndroidManifest.xml:276:13-57
253            android:configChanges="keyboard|keyboardHidden|screenLayout|screenSize|orientation"
253-->src\main\AndroidManifest.xml:277:13-96
254            android:label="@string/app_name"
254-->src\main\AndroidManifest.xml:278:13-45
255            android:theme="@style/com_facebook_activity_theme" />
255-->[com.facebook.android:facebook-common:5.15.3] AndroidManifest.xml:33:13-63
256        <activity
256-->src\main\AndroidManifest.xml:279:9-290:20
257            android:name="com.facebook.CustomTabActivity"
257-->src\main\AndroidManifest.xml:280:13-58
258            android:exported="true" >
258-->src\main\AndroidManifest.xml:281:13-36
259            <intent-filter>
259-->src\main\AndroidManifest.xml:282:13-289:29
260                <action android:name="android.intent.action.VIEW" />
260-->src\main\AndroidManifest.xml:283:17-69
260-->src\main\AndroidManifest.xml:283:25-66
261
262                <category android:name="android.intent.category.DEFAULT" />
262-->src\main\AndroidManifest.xml:285:17-76
262-->src\main\AndroidManifest.xml:285:27-73
263                <category android:name="android.intent.category.BROWSABLE" />
263-->src\main\AndroidManifest.xml:286:17-78
263-->src\main\AndroidManifest.xml:286:27-75
264
265                <data android:scheme="@string/fb_login_protocol_scheme" />
265-->src\main\AndroidManifest.xml:288:17-75
265-->src\main\AndroidManifest.xml:288:23-72
266            </intent-filter>
267            <intent-filter>
267-->[com.facebook.android:facebook-common:5.15.3] AndroidManifest.xml:39:13-48:29
268                <action android:name="android.intent.action.VIEW" />
268-->src\main\AndroidManifest.xml:283:17-69
268-->src\main\AndroidManifest.xml:283:25-66
269
270                <category android:name="android.intent.category.DEFAULT" />
270-->src\main\AndroidManifest.xml:285:17-76
270-->src\main\AndroidManifest.xml:285:27-73
271                <category android:name="android.intent.category.BROWSABLE" />
271-->src\main\AndroidManifest.xml:286:17-78
271-->src\main\AndroidManifest.xml:286:27-75
272
273                <data
273-->src\main\AndroidManifest.xml:288:17-75
274                    android:host="cct.com.dci.berts"
275                    android:scheme="fbconnect" />
275-->src\main\AndroidManifest.xml:288:23-72
276            </intent-filter>
277        </activity>
278        <activity android:name="com.facebook.CustomTabMainActivity" />
278-->[com.facebook.android:facebook-common:5.15.3] AndroidManifest.xml:34:9-71
278-->[com.facebook.android:facebook-common:5.15.3] AndroidManifest.xml:34:19-68
279
280        <receiver
280-->[com.google.firebase:firebase-messaging-directboot:22.0.0] AndroidManifest.xml:27:9-35:20
281            android:name="com.google.firebase.messaging.directboot.FirebaseMessagingDirectBootReceiver"
281-->[com.google.firebase:firebase-messaging-directboot:22.0.0] AndroidManifest.xml:28:13-104
282            android:directBootAware="true"
282-->[com.google.firebase:firebase-messaging-directboot:22.0.0] AndroidManifest.xml:29:13-43
283            android:exported="true"
283-->[com.google.firebase:firebase-messaging-directboot:22.0.0] AndroidManifest.xml:30:13-36
284            android:permission="com.google.android.c2dm.permission.SEND" >
284-->[com.google.firebase:firebase-messaging-directboot:22.0.0] AndroidManifest.xml:31:13-73
285            <intent-filter>
285-->[com.google.firebase:firebase-messaging-directboot:22.0.0] AndroidManifest.xml:32:13-34:29
286                <action android:name="com.google.firebase.messaging.RECEIVE_DIRECT_BOOT" />
286-->[com.google.firebase:firebase-messaging-directboot:22.0.0] AndroidManifest.xml:33:17-92
286-->[com.google.firebase:firebase-messaging-directboot:22.0.0] AndroidManifest.xml:33:25-89
287            </intent-filter>
288        </receiver>
289        <receiver
289-->[com.google.firebase:firebase-messaging:22.0.0] AndroidManifest.xml:28:9-35:20
290            android:name="com.google.firebase.iid.FirebaseInstanceIdReceiver"
290-->[com.google.firebase:firebase-messaging:22.0.0] AndroidManifest.xml:29:13-78
291            android:exported="true"
291-->[com.google.firebase:firebase-messaging:22.0.0] AndroidManifest.xml:30:13-36
292            android:permission="com.google.android.c2dm.permission.SEND" >
292-->[com.google.firebase:firebase-messaging:22.0.0] AndroidManifest.xml:31:13-73
293            <intent-filter>
293-->[com.google.firebase:firebase-messaging:22.0.0] AndroidManifest.xml:32:13-34:29
294                <action android:name="com.google.android.c2dm.intent.RECEIVE" />
294-->[com.google.firebase:firebase-messaging:22.0.0] AndroidManifest.xml:33:17-81
294-->[com.google.firebase:firebase-messaging:22.0.0] AndroidManifest.xml:33:25-78
295            </intent-filter>
296        </receiver>
297        <!--
298             FirebaseMessagingService performs security checks at runtime,
299             but set to not exported to explicitly avoid allowing another app to call it.
300        -->
301        <service
301-->[com.google.firebase:firebase-messaging:22.0.0] AndroidManifest.xml:41:9-48:19
302            android:name="com.google.firebase.messaging.FirebaseMessagingService"
302-->[com.google.firebase:firebase-messaging:22.0.0] AndroidManifest.xml:42:13-82
303            android:directBootAware="true"
303-->[com.google.firebase:firebase-messaging:22.0.0] AndroidManifest.xml:43:13-43
304            android:exported="false" >
304-->[com.google.firebase:firebase-messaging:22.0.0] AndroidManifest.xml:44:13-37
305            <intent-filter android:priority="-500" >
305-->[com.google.firebase:firebase-messaging:22.0.0] AndroidManifest.xml:45:13-47:29
305-->[com.google.firebase:firebase-messaging:22.0.0] AndroidManifest.xml:45:28-51
306                <action android:name="com.google.firebase.MESSAGING_EVENT" />
306-->[com.google.firebase:firebase-messaging:22.0.0] AndroidManifest.xml:46:17-78
306-->[com.google.firebase:firebase-messaging:22.0.0] AndroidManifest.xml:46:25-75
307            </intent-filter>
308        </service>
309        <service
309-->[com.google.firebase:firebase-messaging:22.0.0] AndroidManifest.xml:49:9-55:19
310            android:name="com.google.firebase.components.ComponentDiscoveryService"
310-->[com.google.firebase:firebase-messaging:22.0.0] AndroidManifest.xml:50:13-84
311            android:directBootAware="true"
311-->[com.google.firebase:firebase-common:20.0.0] AndroidManifest.xml:35:13-43
312            android:exported="false" >